0 info it worked if it ends with ok
1 verbose cli [ 'node', '/usr/local/bin/npm', 'publish', '.' ]
2 info using npm@2.1.6
3 info using node@v0.10.33
4 verbose node symlink /usr/local/bin/node
5 verbose publish [ '.' ]
6 silly cache add args [ '.', null ]
7 verbose cache add spec .
8 silly cache add parsed spec { raw: '.',
8 silly cache add   scope: null,
8 silly cache add   name: null,
8 silly cache add   rawSpec: '.',
8 silly cache add   spec: '/Users/leowang/work/git/fcfe/fc-ajax',
8 silly cache add   type: 'directory' }
9 verbose tar pack [ '/Users/leowang/.npm/fc-ajax/0.0.1-alpha.5/package.tgz',
9 verbose tar pack   '/Users/leowang/work/git/fcfe/fc-ajax' ]
10 verbose tarball /Users/leowang/.npm/fc-ajax/0.0.1-alpha.5/package.tgz
11 verbose folder /Users/leowang/work/git/fcfe/fc-ajax
12 info prepublish fc-ajax@0.0.1-alpha.5
13 verbose addLocalTarball adding from inside cache /Users/leowang/.npm/fc-ajax/0.0.1-alpha.5/package.tgz
14 silly cache afterAdd fc-ajax@0.0.1-alpha.5
15 verbose afterAdd /Users/leowang/.npm/fc-ajax/0.0.1-alpha.5/package/package.json not in flight; writing
16 verbose afterAdd /Users/leowang/.npm/fc-ajax/0.0.1-alpha.5/package/package.json written
17 silly publish { name: 'fc-ajax',
17 silly publish   version: '0.0.1-alpha.5',
17 silly publish   maintainers: [ { name: 'Leo Wang', email: 'wangkemiao@baidu.com' } ],
17 silly publish   contributors: [],
17 silly publish   dependencies: { 'fc-core': '0.x' },
17 silly publish   main: 'main',
17 silly publish   description: 'ajax封装库',
17 silly publish   homepage: 'https://github.com/fcfe/fc-ajax',
17 silly publish   repository: { type: 'git', url: 'git://github.com/fcfe/fc-ajax' },
17 silly publish   gitHead: '954ab357285454d25104e7535e50d6499d77ea40',
17 silly publish   readme: 'fc-ajax\n=======\n\nFC ajax库\n',
17 silly publish   readmeFilename: 'README.md',
17 silly publish   bugs: { url: 'https://github.com/fcfe/fc-ajax/issues' },
17 silly publish   _id: 'fc-ajax@0.0.1-alpha.5',
17 silly publish   scripts: {},
17 silly publish   _shasum: '3095f3e69e30bccf43bdf97e65826750c9571e5b',
17 silly publish   _from: '.' }
18 verbose mapToRegistry name fc-ajax
19 verbose mapToRegistry uri http://edp-registry.baidu.com/fc-ajax
20 verbose publish registryBase http://edp-registry.baidu.com/
21 verbose request on initialization, where is /fc-ajax
22 verbose request after pass 1, where is /fc-ajax
23 verbose request url raw /fc-ajax
24 verbose request resolving registry [ 'http://edp-registry.baidu.com/', './fc-ajax' ]
25 verbose request after pass 2, where is http://edp-registry.baidu.com/fc-ajax
26 verbose request sending authorization for write operation
27 info attempt registry request try #1 at 18:11:43
28 verbose request id 00a23bfbd9b00f69
29 http request PUT http://edp-registry.baidu.com/fc-ajax
30 http 409 http://edp-registry.baidu.com/fc-ajax
31 verbose headers { 'cache-control': 'must-revalidate',
31 verbose headers   connection: 'Keep-Alive',
31 verbose headers   'content-length': '58',
31 verbose headers   'content-type': 'application/json',
31 verbose headers   date: 'Sat, 06 Dec 2014 10:11:44 GMT',
31 verbose headers   server: 'nginx/1.6.0',
31 verbose headers   'x-cf-requestid': 'd43a43c1-0de1-436c-5de6-2b4ebe855d26' }
32 verbose request on initialization, where is /fc-ajax
33 verbose request after pass 1, where is /fc-ajax?write=true
34 verbose request url raw /fc-ajax?write=true
35 verbose request resolving registry [ 'http://edp-registry.baidu.com/', './fc-ajax?write=true' ]
36 verbose request after pass 2, where is http://edp-registry.baidu.com/fc-ajax?write=true
37 verbose request no auth needed
38 info attempt registry request try #1 at 18:11:44
39 http request GET http://edp-registry.baidu.com/fc-ajax?write=true
40 http 200 http://edp-registry.baidu.com/fc-ajax?write=true
41 verbose stack Error: cannot modify pre-existing version
41 verbose stack     at conflictError (/usr/local/lib/node_modules/npm/node_modules/npm-registry-client/lib/publish.js:155:11)
41 verbose stack     at RegClient.putNext (/usr/local/lib/node_modules/npm/node_modules/npm-registry-client/lib/publish.js:123:15)
41 verbose stack     at RegClient.<anonymous> (/usr/local/lib/node_modules/npm/node_modules/npm-registry-client/lib/publish.js:105:15)
41 verbose stack     at f (/usr/local/lib/node_modules/npm/node_modules/once/once.js:17:25)
41 verbose stack     at /usr/local/lib/node_modules/npm/node_modules/npm-registry-client/lib/request.js:106:16
41 verbose stack     at f (/usr/local/lib/node_modules/npm/node_modules/once/once.js:17:25)
41 verbose stack     at RegClient.<anonymous> (/usr/local/lib/node_modules/npm/node_modules/npm-registry-client/lib/request.js:276:12)
41 verbose stack     at Request._callback (/usr/local/lib/node_modules/npm/node_modules/npm-registry-client/lib/request.js:197:65)
41 verbose stack     at Request.self.callback (/usr/local/lib/node_modules/npm/node_modules/request/request.js:364:22)
41 verbose stack     at Request.emit (events.js:98:17)
42 verbose pkgid fc-ajax
43 verbose cwd /Users/leowang/work/git/fcfe/fc-ajax
44 error Darwin 14.0.0
45 error argv "node" "/usr/local/bin/npm" "publish" "."
46 error node v0.10.33
47 error npm  v2.1.6
48 error code EPUBLISHCONFLICT
49 error publish fail Cannot publish over existing version.
49 error publish fail Update the 'version' field in package.json and try again.
49 error publish fail
49 error publish fail To automatically increment version numbers, see:
49 error publish fail     npm help version
50 verbose exit [ 1, true ]
